2022-10-09 11:27:38,077 [Worker-4: Loading available Gradle versions] INFO  o.e.b.c.i.u.g.PublishedGradleVersions - Gradle version information cache is out-of-date. Trying to update.
2022-10-09 11:28:17,109 [Worker-10: Importing Maven projects] INFO  o.e.m.c.i.l.LifecycleMappingFactory - Using NULL lifecycle mapping for MavenProject: com.food.ordering.system:food-ordering-system:1.0-SNAPSHOT @ /home/mgadam/Downloads/microservices-demo/pom.xml.
2022-10-09 11:28:17,201 [Worker-10: Importing Maven projects] INFO  o.e.m.c.i.l.LifecycleMappingFactory - Using NULL lifecycle mapping for MavenProject: com.food.ordering.system:order-domain:1.0-SNAPSHOT @ /home/mgadam/Downloads/microservices-demo/order-service/order-domain/pom.xml.
2022-10-09 11:28:17,214 [Worker-10: Importing Maven projects] INFO  o.e.m.c.i.l.LifecycleMappingFactory - Using NULL lifecycle mapping for MavenProject: com.food.ordering.system:order-service:1.0-SNAPSHOT @ /home/mgadam/Downloads/microservices-demo/order-service/pom.xml.
2022-10-09 11:28:17,575 [Worker-10: Importing Maven projects] INFO  o.e.m.c.i.l.LifecycleMappingFactory - Using org.eclipse.m2e.jdt.JarLifecycleMapping lifecycle mapping for MavenProject: com.food.ordering.system:order-domain-core:1.0-SNAPSHOT @ /home/mgadam/Downloads/microservices-demo/order-service/order-domain/order-domain-core/pom.xml.
2022-10-09 11:28:17,648 [Worker-10: Importing Maven projects] INFO  o.e.m.c.i.l.LifecycleMappingFactory - Using org.eclipse.m2e.jdt.JarLifecycleMapping lifecycle mapping for MavenProject: com.food.ordering.system:order-application:1.0-SNAPSHOT @ /home/mgadam/Downloads/microservices-demo/order-service/order-application/pom.xml.
2022-10-09 11:28:17,805 [Worker-10: Importing Maven projects] INFO  o.e.m.c.i.p.WorkspaceClassifierResolverManager - Resolving P/order-application-service: com.food.ordering.system:order-application-service:1.0-SNAPSHOT with classifier  to /order-application-service/target/classes
2022-10-09 11:28:17,806 [Worker-10: Importing Maven projects] INFO  o.e.m.c.i.p.WorkspaceClassifierResolverManager - Resolving P/order-domain-core: com.food.ordering.system:order-domain-core:1.0-SNAPSHOT with classifier  to /order-domain-core/target/classes
2022-10-09 11:28:17,893 [Worker-10: Importing Maven projects] INFO  o.e.m.c.i.l.LifecycleMappingFactory - Using org.eclipse.m2e.jdt.JarLifecycleMapping lifecycle mapping for MavenProject: com.food.ordering.system:order-messaging:1.0-SNAPSHOT @ /home/mgadam/Downloads/microservices-demo/order-service/order-messaging/pom.xml.
2022-10-09 11:28:17,907 [Worker-10: Importing Maven projects] INFO  o.e.m.c.i.p.WorkspaceClassifierResolverManager - Resolving P/order-application-service: com.food.ordering.system:order-application-service:1.0-SNAPSHOT with classifier  to /order-application-service/target/classes
2022-10-09 11:28:17,908 [Worker-10: Importing Maven projects] INFO  o.e.m.c.i.p.WorkspaceClassifierResolverManager - Resolving P/order-domain-core: com.food.ordering.system:order-domain-core:1.0-SNAPSHOT with classifier  to /order-domain-core/target/classes
2022-10-09 11:28:17,969 [Worker-10: Importing Maven projects] INFO  o.e.m.c.i.l.LifecycleMappingFactory - Using org.eclipse.m2e.jdt.JarLifecycleMapping lifecycle mapping for MavenProject: com.food.ordering.system:order-application-service:1.0-SNAPSHOT @ /home/mgadam/Downloads/microservices-demo/order-service/order-domain/order-application-service/pom.xml.
2022-10-09 11:28:17,982 [Worker-10: Importing Maven projects] INFO  o.e.m.c.i.p.WorkspaceClassifierResolverManager - Resolving P/order-domain-core: com.food.ordering.system:order-domain-core:1.0-SNAPSHOT with classifier  to /order-domain-core/target/classes
2022-10-09 11:28:18,032 [Worker-10: Importing Maven projects] INFO  o.e.m.c.i.l.LifecycleMappingFactory - Using org.eclipse.m2e.jdt.JarLifecycleMapping lifecycle mapping for MavenProject: com.food.ordering.system:order-container:1.0-SNAPSHOT @ /home/mgadam/Downloads/microservices-demo/order-service/order-container/pom.xml.
2022-10-09 11:28:18,080 [Worker-10: Importing Maven projects] INFO  o.e.m.c.i.p.WorkspaceClassifierResolverManager - Resolving P/order-domain-core: com.food.ordering.system:order-domain-core:1.0-SNAPSHOT with classifier  to /order-domain-core/target/classes
2022-10-09 11:28:18,080 [Worker-10: Importing Maven projects] INFO  o.e.m.c.i.p.WorkspaceClassifierResolverManager - Resolving P/order-application-service: com.food.ordering.system:order-application-service:1.0-SNAPSHOT with classifier  to /order-application-service/target/classes
2022-10-09 11:28:18,080 [Worker-10: Importing Maven projects] INFO  o.e.m.c.i.p.WorkspaceClassifierResolverManager - Resolving P/order-application: com.food.ordering.system:order-application:1.0-SNAPSHOT with classifier  to /order-application/target/classes
2022-10-09 11:28:18,081 [Worker-10: Importing Maven projects] INFO  o.e.m.c.i.p.WorkspaceClassifierResolverManager - Resolving P/order-dataaccess: com.food.ordering.system:order-dataaccess:1.0-SNAPSHOT with classifier  to /order-dataaccess/target/classes
2022-10-09 11:28:18,081 [Worker-10: Importing Maven projects] INFO  o.e.m.c.i.p.WorkspaceClassifierResolverManager - Resolving P/order-messaging: com.food.ordering.system:order-messaging:1.0-SNAPSHOT with classifier  to /order-messaging/target/classes
2022-10-09 11:28:18,132 [Worker-10: Importing Maven projects] INFO  o.e.m.c.i.l.LifecycleMappingFactory - Using org.eclipse.m2e.jdt.JarLifecycleMapping lifecycle mapping for MavenProject: com.food.ordering.system:order-dataaccess:1.0-SNAPSHOT @ /home/mgadam/Downloads/microservices-demo/order-service/order-dataaccess/pom.xml.
2022-10-09 11:28:18,143 [Worker-10: Importing Maven projects] INFO  o.e.m.c.i.p.WorkspaceClassifierResolverManager - Resolving P/order-application-service: com.food.ordering.system:order-application-service:1.0-SNAPSHOT with classifier  to /order-application-service/target/classes
2022-10-09 11:28:18,143 [Worker-10: Importing Maven projects] INFO  o.e.m.c.i.p.WorkspaceClassifierResolverManager - Resolving P/order-domain-core: com.food.ordering.system:order-domain-core:1.0-SNAPSHOT with classifier  to /order-domain-core/target/classes
2022-10-09 11:28:18,147 [Worker-10: Importing Maven projects] INFO  o.e.m.c.i.l.LifecycleMappingFactory - Using NULL lifecycle mapping for MavenProject: com.food.ordering.system:order-domain:1.0-SNAPSHOT @ /home/mgadam/Downloads/microservices-demo/order-service/order-domain/pom.xml.
2022-10-09 11:28:18,238 [Worker-10: Importing Maven projects] INFO  o.e.m.c.i.l.LifecycleMappingFactory - Using org.eclipse.m2e.jdt.JarLifecycleMapping lifecycle mapping for MavenProject: com.food.ordering.system:order-application:1.0-SNAPSHOT @ /home/mgadam/Downloads/microservices-demo/order-service/order-application/pom.xml.
2022-10-09 11:28:18,254 [Worker-10: Importing Maven projects] INFO  o.e.m.c.i.p.WorkspaceClassifierResolverManager - Resolving P/order-application-service: com.food.ordering.system:order-application-service:1.0-SNAPSHOT with classifier  to /order-application-service/target/classes
2022-10-09 11:28:18,259 [Worker-10: Importing Maven projects] INFO  o.e.m.c.i.p.WorkspaceClassifierResolverManager - Resolving P/order-domain-core: com.food.ordering.system:order-domain-core:1.0-SNAPSHOT with classifier  to /order-domain-core/target/classes
2022-10-09 11:28:18,345 [Worker-10: Importing Maven projects] INFO  o.e.m.c.i.l.LifecycleMappingFactory - Using org.eclipse.m2e.jdt.JarLifecycleMapping lifecycle mapping for MavenProject: com.food.ordering.system:order-messaging:1.0-SNAPSHOT @ /home/mgadam/Downloads/microservices-demo/order-service/order-messaging/pom.xml.
2022-10-09 11:28:18,369 [Worker-10: Importing Maven projects] INFO  o.e.m.c.i.p.WorkspaceClassifierResolverManager - Resolving P/order-application-service: com.food.ordering.system:order-application-service:1.0-SNAPSHOT with classifier  to /order-application-service/target/classes
2022-10-09 11:28:18,370 [Worker-10: Importing Maven projects] INFO  o.e.m.c.i.p.WorkspaceClassifierResolverManager - Resolving P/order-domain-core: com.food.ordering.system:order-domain-core:1.0-SNAPSHOT with classifier  to /order-domain-core/target/classes
2022-10-09 11:28:18,454 [Worker-10: Importing Maven projects] INFO  o.e.m.c.i.l.LifecycleMappingFactory - Using org.eclipse.m2e.jdt.JarLifecycleMapping lifecycle mapping for MavenProject: com.food.ordering.system:order-container:1.0-SNAPSHOT @ /home/mgadam/Downloads/microservices-demo/order-service/order-container/pom.xml.
2022-10-09 11:28:18,466 [Worker-10: Importing Maven projects] INFO  o.e.m.c.i.p.WorkspaceClassifierResolverManager - Resolving P/order-domain-core: com.food.ordering.system:order-domain-core:1.0-SNAPSHOT with classifier  to /order-domain-core/target/classes
2022-10-09 11:28:18,467 [Worker-10: Importing Maven projects] INFO  o.e.m.c.i.p.WorkspaceClassifierResolverManager - Resolving P/order-application-service: com.food.ordering.system:order-application-service:1.0-SNAPSHOT with classifier  to /order-application-service/target/classes
2022-10-09 11:28:18,468 [Worker-10: Importing Maven projects] INFO  o.e.m.c.i.p.WorkspaceClassifierResolverManager - Resolving P/order-application: com.food.ordering.system:order-application:1.0-SNAPSHOT with classifier  to /order-application/target/classes
2022-10-09 11:28:18,468 [Worker-10: Importing Maven projects] INFO  o.e.m.c.i.p.WorkspaceClassifierResolverManager - Resolving P/order-dataaccess: com.food.ordering.system:order-dataaccess:1.0-SNAPSHOT with classifier  to /order-dataaccess/target/classes
2022-10-09 11:28:18,469 [Worker-10: Importing Maven projects] INFO  o.e.m.c.i.p.WorkspaceClassifierResolverManager - Resolving P/order-messaging: com.food.ordering.system:order-messaging:1.0-SNAPSHOT with classifier  to /order-messaging/target/classes
2022-10-09 11:28:18,558 [Worker-10: Importing Maven projects] INFO  o.e.m.c.i.l.LifecycleMappingFactory - Using org.eclipse.m2e.jdt.JarLifecycleMapping lifecycle mapping for MavenProject: com.food.ordering.system:order-domain-core:1.0-SNAPSHOT @ /home/mgadam/Downloads/microservices-demo/order-service/order-domain/order-domain-core/pom.xml.
2022-10-09 11:28:18,658 [Worker-10: Importing Maven projects] INFO  o.e.m.c.i.l.LifecycleMappingFactory - Using org.eclipse.m2e.jdt.JarLifecycleMapping lifecycle mapping for MavenProject: com.food.ordering.system:order-application-service:1.0-SNAPSHOT @ /home/mgadam/Downloads/microservices-demo/order-service/order-domain/order-application-service/pom.xml.
2022-10-09 11:28:18,677 [Worker-10: Importing Maven projects] INFO  o.e.m.c.i.p.WorkspaceClassifierResolverManager - Resolving P/order-domain-core: com.food.ordering.system:order-domain-core:1.0-SNAPSHOT with classifier  to /order-domain-core/target/classes
2022-10-09 11:28:18,749 [Worker-10: Importing Maven projects] INFO  o.e.m.c.i.l.LifecycleMappingFactory - Using org.eclipse.m2e.jdt.JarLifecycleMapping lifecycle mapping for MavenProject: com.food.ordering.system:order-application:1.0-SNAPSHOT @ /home/mgadam/Downloads/microservices-demo/order-service/order-application/pom.xml.
2022-10-09 11:28:18,759 [Worker-10: Importing Maven projects] INFO  o.e.m.c.i.p.WorkspaceClassifierResolverManager - Resolving P/order-application-service: com.food.ordering.system:order-application-service:1.0-SNAPSHOT with classifier  to /order-application-service/target/classes
2022-10-09 11:28:18,760 [Worker-10: Importing Maven projects] INFO  o.e.m.c.i.p.WorkspaceClassifierResolverManager - Resolving P/order-domain-core: com.food.ordering.system:order-domain-core:1.0-SNAPSHOT with classifier  to /order-domain-core/target/classes
2022-10-09 11:28:18,828 [Worker-10: Importing Maven projects] INFO  o.e.m.c.i.l.LifecycleMappingFactory - Using org.eclipse.m2e.jdt.JarLifecycleMapping lifecycle mapping for MavenProject: com.food.ordering.system:order-messaging:1.0-SNAPSHOT @ /home/mgadam/Downloads/microservices-demo/order-service/order-messaging/pom.xml.
2022-10-09 11:28:18,837 [Worker-10: Importing Maven projects] INFO  o.e.m.c.i.p.WorkspaceClassifierResolverManager - Resolving P/order-application-service: com.food.ordering.system:order-application-service:1.0-SNAPSHOT with classifier  to /order-application-service/target/classes
2022-10-09 11:28:18,837 [Worker-10: Importing Maven projects] INFO  o.e.m.c.i.p.WorkspaceClassifierResolverManager - Resolving P/order-domain-core: com.food.ordering.system:order-domain-core:1.0-SNAPSHOT with classifier  to /order-domain-core/target/classes
2022-10-09 11:28:18,886 [Worker-10: Importing Maven projects] INFO  o.e.m.c.i.l.LifecycleMappingFactory - Using org.eclipse.m2e.jdt.JarLifecycleMapping lifecycle mapping for MavenProject: com.food.ordering.system:order-container:1.0-SNAPSHOT @ /home/mgadam/Downloads/microservices-demo/order-service/order-container/pom.xml.
2022-10-09 11:28:18,898 [Worker-10: Importing Maven projects] INFO  o.e.m.c.i.p.WorkspaceClassifierResolverManager - Resolving P/order-domain-core: com.food.ordering.system:order-domain-core:1.0-SNAPSHOT with classifier  to /order-domain-core/target/classes
2022-10-09 11:28:18,898 [Worker-10: Importing Maven projects] INFO  o.e.m.c.i.p.WorkspaceClassifierResolverManager - Resolving P/order-application-service: com.food.ordering.system:order-application-service:1.0-SNAPSHOT with classifier  to /order-application-service/target/classes
2022-10-09 11:28:18,898 [Worker-10: Importing Maven projects] INFO  o.e.m.c.i.p.WorkspaceClassifierResolverManager - Resolving P/order-application: com.food.ordering.system:order-application:1.0-SNAPSHOT with classifier  to /order-application/target/classes
2022-10-09 11:28:18,899 [Worker-10: Importing Maven projects] INFO  o.e.m.c.i.p.WorkspaceClassifierResolverManager - Resolving P/order-dataaccess: com.food.ordering.system:order-dataaccess:1.0-SNAPSHOT with classifier  to /order-dataaccess/target/classes
2022-10-09 11:28:18,899 [Worker-10: Importing Maven projects] INFO  o.e.m.c.i.p.WorkspaceClassifierResolverManager - Resolving P/order-messaging: com.food.ordering.system:order-messaging:1.0-SNAPSHOT with classifier  to /order-messaging/target/classes
2022-10-09 11:28:18,944 [Worker-10: Importing Maven projects] INFO  o.e.m.c.i.l.LifecycleMappingFactory - Using org.eclipse.m2e.jdt.JarLifecycleMapping lifecycle mapping for MavenProject: com.food.ordering.system:order-dataaccess:1.0-SNAPSHOT @ /home/mgadam/Downloads/microservices-demo/order-service/order-dataaccess/pom.xml.
2022-10-09 11:28:18,952 [Worker-10: Importing Maven projects] INFO  o.e.m.c.i.p.WorkspaceClassifierResolverManager - Resolving P/order-application-service: com.food.ordering.system:order-application-service:1.0-SNAPSHOT with classifier  to /order-application-service/target/classes
2022-10-09 11:28:18,953 [Worker-10: Importing Maven projects] INFO  o.e.m.c.i.p.WorkspaceClassifierResolverManager - Resolving P/order-domain-core: com.food.ordering.system:order-domain-core:1.0-SNAPSHOT with classifier  to /order-domain-core/target/classes
2022-10-09 11:28:19,029 [Worker-10: Importing Maven projects] INFO  o.e.m.c.i.l.LifecycleMappingFactory - Using org.eclipse.m2e.jdt.JarLifecycleMapping lifecycle mapping for MavenProject: com.food.ordering.system:order-container:1.0-SNAPSHOT @ /home/mgadam/Downloads/microservices-demo/order-service/order-container/pom.xml.
2022-10-09 11:28:19,046 [Worker-10: Importing Maven projects] INFO  o.e.m.c.i.p.WorkspaceClassifierResolverManager - Resolving P/order-domain-core: com.food.ordering.system:order-domain-core:1.0-SNAPSHOT with classifier  to /order-domain-core/target/classes
2022-10-09 11:28:19,047 [Worker-10: Importing Maven projects] INFO  o.e.m.c.i.p.WorkspaceClassifierResolverManager - Resolving P/order-application-service: com.food.ordering.system:order-application-service:1.0-SNAPSHOT with classifier  to /order-application-service/target/classes
2022-10-09 11:28:19,049 [Worker-10: Importing Maven projects] INFO  o.e.m.c.i.p.WorkspaceClassifierResolverManager - Resolving P/order-application: com.food.ordering.system:order-application:1.0-SNAPSHOT with classifier  to /order-application/target/classes
2022-10-09 11:28:19,049 [Worker-10: Importing Maven projects] INFO  o.e.m.c.i.p.WorkspaceClassifierResolverManager - Resolving P/order-dataaccess: com.food.ordering.system:order-dataaccess:1.0-SNAPSHOT with classifier  to /order-dataaccess/target/classes
2022-10-09 11:28:19,049 [Worker-10: Importing Maven projects] INFO  o.e.m.c.i.p.WorkspaceClassifierResolverManager - Resolving P/order-messaging: com.food.ordering.system:order-messaging:1.0-SNAPSHOT with classifier  to /order-messaging/target/classes
2022-10-09 11:28:20,041 [Worker-10: Importing Maven projects] INFO  o.e.m.j.i.AbstractJavaProjectConfigurator - Adding source folder /order-domain-core/src/main/java
2022-10-09 11:28:20,042 [Worker-10: Importing Maven projects] INFO  o.e.m.j.i.AbstractJavaProjectConfigurator - Adding resource folder /order-domain-core/src/main/resources
2022-10-09 11:28:20,043 [Worker-10: Importing Maven projects] INFO  o.e.m.j.i.AbstractJavaProjectConfigurator - Adding resource folder /order-domain-core/src/main/resources
2022-10-09 11:28:20,044 [Worker-10: Importing Maven projects] INFO  o.e.m.j.i.AbstractJavaProjectConfigurator - Adding source folder /order-domain-core/src/test/java
2022-10-09 11:28:21,144 [Worker-10: Importing Maven projects] INFO  o.e.m.j.i.AbstractJavaProjectConfigurator - Adding source folder /order-application-service/src/main/java
2022-10-09 11:28:21,145 [Worker-10: Importing Maven projects] INFO  o.e.m.j.i.AbstractJavaProjectConfigurator - Adding resource folder /order-application-service/src/main/resources
2022-10-09 11:28:21,146 [Worker-10: Importing Maven projects] INFO  o.e.m.j.i.AbstractJavaProjectConfigurator - Adding resource folder /order-application-service/src/main/resources
2022-10-09 11:28:21,146 [Worker-10: Importing Maven projects] INFO  o.e.m.j.i.AbstractJavaProjectConfigurator - Adding source folder /order-application-service/src/test/java
2022-10-09 11:28:21,252 [Worker-10: Importing Maven projects] INFO  o.e.m.j.i.AbstractJavaProjectConfigurator - Adding source folder /order-application/src/main/java
2022-10-09 11:28:21,252 [Worker-10: Importing Maven projects] INFO  o.e.m.j.i.AbstractJavaProjectConfigurator - Adding resource folder /order-application/src/main/resources
2022-10-09 11:28:21,252 [Worker-10: Importing Maven projects] INFO  o.e.m.j.i.AbstractJavaProjectConfigurator - Adding resource folder /order-application/src/main/resources
2022-10-09 11:28:21,253 [Worker-10: Importing Maven projects] INFO  o.e.m.j.i.AbstractJavaProjectConfigurator - Adding source folder /order-application/src/test/java
2022-10-09 11:28:21,311 [Worker-10: Importing Maven projects] INFO  o.e.m.j.i.AbstractJavaProjectConfigurator - Adding source folder /order-messaging/src/main/java
2022-10-09 11:28:21,311 [Worker-10: Importing Maven projects] INFO  o.e.m.j.i.AbstractJavaProjectConfigurator - Adding resource folder /order-messaging/src/main/resources
2022-10-09 11:28:21,311 [Worker-10: Importing Maven projects] INFO  o.e.m.j.i.AbstractJavaProjectConfigurator - Adding resource folder /order-messaging/src/main/resources
2022-10-09 11:28:21,312 [Worker-10: Importing Maven projects] INFO  o.e.m.j.i.AbstractJavaProjectConfigurator - Adding source folder /order-messaging/src/test/java
2022-10-09 11:28:21,388 [Worker-10: Importing Maven projects] INFO  o.e.m.j.i.AbstractJavaProjectConfigurator - Adding source folder /order-dataaccess/src/main/java
2022-10-09 11:28:21,389 [Worker-10: Importing Maven projects] INFO  o.e.m.j.i.AbstractJavaProjectConfigurator - Adding resource folder /order-dataaccess/src/main/resources
2022-10-09 11:28:21,389 [Worker-10: Importing Maven projects] INFO  o.e.m.j.i.AbstractJavaProjectConfigurator - Adding resource folder /order-dataaccess/src/main/resources
2022-10-09 11:28:21,390 [Worker-10: Importing Maven projects] INFO  o.e.m.j.i.AbstractJavaProjectConfigurator - Adding source folder /order-dataaccess/src/test/java
2022-10-09 11:28:21,476 [Worker-10: Importing Maven projects] INFO  o.e.m.j.i.AbstractJavaProjectConfigurator - Adding source folder /order-container/src/main/java
2022-10-09 11:28:21,477 [Worker-10: Importing Maven projects] INFO  o.e.m.j.i.AbstractJavaProjectConfigurator - Adding resource folder /order-container/src/main/resources
2022-10-09 11:28:21,477 [Worker-10: Importing Maven projects] INFO  o.e.m.j.i.AbstractJavaProjectConfigurator - Adding resource folder /order-container/src/main/resources
2022-10-09 11:28:21,483 [Worker-10: Importing Maven projects] INFO  o.e.m.j.i.AbstractJavaProjectConfigurator - Adding source folder /order-container/src/test/java
2022-10-09 11:28:21,546 [Worker-10: Importing Maven projects] INFO  o.e.m.c.i.p.ProjectConfigurationManager - Imported and configured 9 project(s) in 7 sec
2022-10-09 11:28:24,126 [Worker-1: Building] INFO  o.e.m.c.i.embedder.EclipseLogger - Using 'UTF-8' encoding to copy filtered resources.
2022-10-09 11:28:24,126 [Worker-1: Building] INFO  o.e.m.c.i.embedder.EclipseLogger - Using 'UTF-8' encoding to copy filtered properties files.
2022-10-09 11:28:24,131 [Worker-1: Building] INFO  o.e.m.c.i.embedder.EclipseLogger - Copying 0 resource
2022-10-09 11:28:24,132 [Worker-1: Building] INFO  o.e.m.c.i.embedder.EclipseLogger - Copying 0 resource
2022-10-09 11:28:24,146 [Worker-1: Building] INFO  o.e.m.c.i.embedder.EclipseLogger - Using 'UTF-8' encoding to copy filtered resources.
2022-10-09 11:28:24,147 [Worker-1: Building] INFO  o.e.m.c.i.embedder.EclipseLogger - Using 'UTF-8' encoding to copy filtered properties files.
2022-10-09 11:28:24,147 [Worker-1: Building] INFO  o.e.m.c.i.embedder.EclipseLogger - skip non existing resourceDirectory /home/mgadam/Downloads/microservices-demo/order-service/order-domain/order-domain-core/src/test/resources
2022-10-09 11:28:25,552 [Worker-1: Building] INFO  o.e.m.c.i.p.WorkspaceClassifierResolverManager - Resolving P/order-domain-core: com.food.ordering.system:order-domain-core:1.0-SNAPSHOT with classifier  to /order-domain-core/target/classes
2022-10-09 11:28:25,560 [Worker-1: Building] INFO  o.e.m.c.i.embedder.EclipseLogger - Using 'UTF-8' encoding to copy filtered resources.
2022-10-09 11:28:25,561 [Worker-1: Building] INFO  o.e.m.c.i.embedder.EclipseLogger - Using 'UTF-8' encoding to copy filtered properties files.
2022-10-09 11:28:25,561 [Worker-1: Building] INFO  o.e.m.c.i.embedder.EclipseLogger - Copying 0 resource
2022-10-09 11:28:25,561 [Worker-1: Building] INFO  o.e.m.c.i.embedder.EclipseLogger - Copying 0 resource
2022-10-09 11:28:25,564 [Worker-1: Building] INFO  o.e.m.c.i.embedder.EclipseLogger - Using 'UTF-8' encoding to copy filtered resources.
2022-10-09 11:28:25,564 [Worker-1: Building] INFO  o.e.m.c.i.embedder.EclipseLogger - Using 'UTF-8' encoding to copy filtered properties files.
2022-10-09 11:28:25,564 [Worker-1: Building] INFO  o.e.m.c.i.embedder.EclipseLogger - skip non existing resourceDirectory /home/mgadam/Downloads/microservices-demo/order-service/order-domain/order-application-service/src/test/resources
2022-10-09 11:28:26,006 [Worker-1: Building] INFO  o.e.m.c.i.p.WorkspaceClassifierResolverManager - Resolving P/order-application-service: com.food.ordering.system:order-application-service:1.0-SNAPSHOT with classifier  to /order-application-service/target/classes
2022-10-09 11:28:26,008 [Worker-1: Building] INFO  o.e.m.c.i.p.WorkspaceClassifierResolverManager - Resolving P/order-domain-core: com.food.ordering.system:order-domain-core:1.0-SNAPSHOT with classifier  to /order-domain-core/target/classes
2022-10-09 11:28:26,014 [Worker-1: Building] INFO  o.e.m.c.i.embedder.EclipseLogger - Using 'UTF-8' encoding to copy filtered resources.
2022-10-09 11:28:26,014 [Worker-1: Building] INFO  o.e.m.c.i.embedder.EclipseLogger - Using 'UTF-8' encoding to copy filtered properties files.
2022-10-09 11:28:26,014 [Worker-1: Building] INFO  o.e.m.c.i.embedder.EclipseLogger - Copying 0 resource
2022-10-09 11:28:26,015 [Worker-1: Building] INFO  o.e.m.c.i.embedder.EclipseLogger - Copying 0 resource
2022-10-09 11:28:26,018 [Worker-1: Building] INFO  o.e.m.c.i.embedder.EclipseLogger - Using 'UTF-8' encoding to copy filtered resources.
2022-10-09 11:28:26,018 [Worker-1: Building] INFO  o.e.m.c.i.embedder.EclipseLogger - Using 'UTF-8' encoding to copy filtered properties files.
2022-10-09 11:28:26,018 [Worker-1: Building] INFO  o.e.m.c.i.embedder.EclipseLogger - skip non existing resourceDirectory /home/mgadam/Downloads/microservices-demo/order-service/order-dataaccess/src/test/resources
2022-10-09 11:28:27,039 [Worker-1: Building] INFO  o.e.m.c.i.p.WorkspaceClassifierResolverManager - Resolving P/order-application-service: com.food.ordering.system:order-application-service:1.0-SNAPSHOT with classifier  to /order-application-service/target/classes
2022-10-09 11:28:27,042 [Worker-1: Building] INFO  o.e.m.c.i.p.WorkspaceClassifierResolverManager - Resolving P/order-domain-core: com.food.ordering.system:order-domain-core:1.0-SNAPSHOT with classifier  to /order-domain-core/target/classes
2022-10-09 11:28:27,048 [Worker-1: Building] INFO  o.e.m.c.i.embedder.EclipseLogger - Using 'UTF-8' encoding to copy filtered resources.
2022-10-09 11:28:27,048 [Worker-1: Building] INFO  o.e.m.c.i.embedder.EclipseLogger - Using 'UTF-8' encoding to copy filtered properties files.
2022-10-09 11:28:27,049 [Worker-1: Building] INFO  o.e.m.c.i.embedder.EclipseLogger - Copying 0 resource
2022-10-09 11:28:27,049 [Worker-1: Building] INFO  o.e.m.c.i.embedder.EclipseLogger - Copying 0 resource
2022-10-09 11:28:27,052 [Worker-1: Building] INFO  o.e.m.c.i.embedder.EclipseLogger - Using 'UTF-8' encoding to copy filtered resources.
2022-10-09 11:28:27,052 [Worker-1: Building] INFO  o.e.m.c.i.embedder.EclipseLogger - Using 'UTF-8' encoding to copy filtered properties files.
2022-10-09 11:28:27,052 [Worker-1: Building] INFO  o.e.m.c.i.embedder.EclipseLogger - skip non existing resourceDirectory /home/mgadam/Downloads/microservices-demo/order-service/order-application/src/test/resources
2022-10-09 11:28:27,502 [Worker-1: Building] INFO  o.e.m.c.i.p.WorkspaceClassifierResolverManager - Resolving P/order-application-service: com.food.ordering.system:order-application-service:1.0-SNAPSHOT with classifier  to /order-application-service/target/classes
2022-10-09 11:28:27,502 [Worker-1: Building] INFO  o.e.m.c.i.p.WorkspaceClassifierResolverManager - Resolving P/order-domain-core: com.food.ordering.system:order-domain-core:1.0-SNAPSHOT with classifier  to /order-domain-core/target/classes
2022-10-09 11:28:27,508 [Worker-1: Building] INFO  o.e.m.c.i.embedder.EclipseLogger - Using 'UTF-8' encoding to copy filtered resources.
2022-10-09 11:28:27,508 [Worker-1: Building] INFO  o.e.m.c.i.embedder.EclipseLogger - Using 'UTF-8' encoding to copy filtered properties files.
2022-10-09 11:28:27,509 [Worker-1: Building] INFO  o.e.m.c.i.embedder.EclipseLogger - Copying 0 resource
2022-10-09 11:28:27,509 [Worker-1: Building] INFO  o.e.m.c.i.embedder.EclipseLogger - Copying 0 resource
2022-10-09 11:28:27,512 [Worker-1: Building] INFO  o.e.m.c.i.embedder.EclipseLogger - Using 'UTF-8' encoding to copy filtered resources.
2022-10-09 11:28:27,512 [Worker-1: Building] INFO  o.e.m.c.i.embedder.EclipseLogger - Using 'UTF-8' encoding to copy filtered properties files.
2022-10-09 11:28:27,512 [Worker-1: Building] INFO  o.e.m.c.i.embedder.EclipseLogger - skip non existing resourceDirectory /home/mgadam/Downloads/microservices-demo/order-service/order-messaging/src/test/resources
2022-10-09 11:28:27,906 [Worker-1: Building] INFO  o.e.m.c.i.p.WorkspaceClassifierResolverManager - Resolving P/order-domain-core: com.food.ordering.system:order-domain-core:1.0-SNAPSHOT with classifier  to /order-domain-core/target/classes
2022-10-09 11:28:27,908 [Worker-1: Building] INFO  o.e.m.c.i.p.WorkspaceClassifierResolverManager - Resolving P/order-application-service: com.food.ordering.system:order-application-service:1.0-SNAPSHOT with classifier  to /order-application-service/target/classes
2022-10-09 11:28:27,914 [Worker-1: Building] INFO  o.e.m.c.i.p.WorkspaceClassifierResolverManager - Resolving P/order-application: com.food.ordering.system:order-application:1.0-SNAPSHOT with classifier  to /order-application/target/classes
2022-10-09 11:28:27,915 [Worker-1: Building] INFO  o.e.m.c.i.p.WorkspaceClassifierResolverManager - Resolving P/order-dataaccess: com.food.ordering.system:order-dataaccess:1.0-SNAPSHOT with classifier  to /order-dataaccess/target/classes
2022-10-09 11:28:27,916 [Worker-1: Building] INFO  o.e.m.c.i.p.WorkspaceClassifierResolverManager - Resolving P/order-messaging: com.food.ordering.system:order-messaging:1.0-SNAPSHOT with classifier  to /order-messaging/target/classes
2022-10-09 11:28:27,940 [Worker-1: Building] INFO  o.e.m.c.i.embedder.EclipseLogger - Using 'UTF-8' encoding to copy filtered resources.
2022-10-09 11:28:27,940 [Worker-1: Building] INFO  o.e.m.c.i.embedder.EclipseLogger - Using 'UTF-8' encoding to copy filtered properties files.
2022-10-09 11:28:27,940 [Worker-1: Building] INFO  o.e.m.c.i.embedder.EclipseLogger - Copying 0 resource
2022-10-09 11:28:27,940 [Worker-1: Building] INFO  o.e.m.c.i.embedder.EclipseLogger - Copying 0 resource
2022-10-09 11:28:27,947 [Worker-1: Building] INFO  o.e.m.c.i.embedder.EclipseLogger - Using 'UTF-8' encoding to copy filtered resources.
2022-10-09 11:28:27,950 [Worker-1: Building] INFO  o.e.m.c.i.embedder.EclipseLogger - Using 'UTF-8' encoding to copy filtered properties files.
2022-10-09 11:28:27,950 [Worker-1: Building] INFO  o.e.m.c.i.embedder.EclipseLogger - skip non existing resourceDirectory /home/mgadam/Downloads/microservices-demo/order-service/order-container/src/test/resources
